<?xml version="1.0" encoding="UTF-8"?>
<!-- Generated by org.testng.reporters.JUnitReportReporter -->
<testsuite hostname="DESKTOP-ROLOOPG" failures="0" tests="1" name="automationScript.LoginAutomationScript" time="9.006" errors="0" timestamp="2024-06-07T14:07:59 CDT" skipped="0">
  <testcase classname="automationScript.LoginAutomationScript" name="LoginTest" time="9.006"/>
</testsuite> <!-- automationScript.LoginAutomationScript -->
