<?xml version="1.0" encoding="UTF-8"?>
<!-- Generated by org.testng.reporters.JUnitReportReporter -->
<testsuite hostname="DESKTOP-ROLOOPG" failures="0" tests="3" name="automationScript.LoginTest" time="59.811" errors="0" timestamp="2024-06-13T14:10:06 CDT" skipped="0">
  <testcase classname="automationScript.LoginTest" name="ErrorToastMsgTestTC2" time="18.074"/>
  <testcase classname="automationScript.LoginTest" name="LoginTestTC1" time="27.836"/>
  <testcase classname="automationScript.LoginTest" name="chkDefaultMaleRadioBtnTC3" time="13.901"/>
</testsuite> <!-- automationScript.LoginTest -->
