<?xml version="1.0" encoding="UTF-8"?>
<!-- Generated by org.testng.reporters.JUnitReportReporter -->
<testsuite hostname="DESKTOP-ROLOOPG" failures="0" tests="1" name="automationScript.CartTest" time="94.744" errors="0" timestamp="2024-06-13T17:24:45 CDT" skipped="0">
  <testcase classname="automationScript.CartTest" name="TotalAmountValidateTC7" time="94.744"/>
</testsuite> <!-- automationScript.CartTest -->
