<?xml version="1.0" encoding="UTF-8"?>
<!-- Generated by org.testng.reporters.JUnitReportReporter -->
<testsuite hostname="DESKTOP-ROLOOPG" failures="0" tests="1" name="automationScript.CartProductsTest" time="99.439" errors="0" timestamp="2024-06-12T20:27:40 CDT" skipped="0">
  <testcase classname="automationScript.CartProductsTest" name="TotalAmountValidate" time="99.439"/>
</testsuite> <!-- automationScript.CartProductsTest -->
