<?xml version="1.0" encoding="UTF-8"?>
<!-- Generated by org.testng.reporters.JUnitReportReporter -->
<testsuite hostname="DESKTOP-ROLOOPG" failures="0" tests="1" name="automationScript.PrePurchaseTest" time="51.476" errors="0" timestamp="2024-06-11T13:22:43 CDT" skipped="0">
  <testcase classname="automationScript.PrePurchaseTest" name="TermsOfConditionsTest" time="51.476"/>
</testsuite> <!-- automationScript.PrePurchaseTest -->
