<?xml version="1.0" encoding="UTF-8"?>
<!-- Generated by org.testng.reporters.JUnitReportReporter -->
<testsuite hostname="DESKTOP-ROLOOPG" failures="0" tests="1" name="automationScript.ProductTest" time="62.528" errors="0" timestamp="2024-06-13T14:20:33 CDT" skipped="0">
  <testcase classname="automationScript.ProductTest" name="CartNumberTestTC4" time="62.528"/>
</testsuite> <!-- automationScript.ProductTest -->
